<?xml version="1.0" encoding="UTF-8"?>
<!-- Generated by org.testng.reporters.JUnitXMLReporter -->
<testsuite hostname="ubuntu-Lenovo-C40-05" ignored="0" name="AccountPage Test" tests="5" failures="0" timestamp="2021-12-16T10:56:36 PST" time="16.509" errors="0">
  <testcase name="getAccSectionCountTest" time="0.134" classname="com.qa.tutorialninja.tests.AccountPageTest"/>
  <testcase name="getAccPageTitleTest" time="0.136" classname="com.qa.tutorialninja.tests.AccountPageTest"/>
  <testcase name="getHeaderValueTest" time="0.758" classname="com.qa.tutorialninja.tests.AccountPageTest"/>
  <testcase name="getAccSectionListTest" time="1.002" classname="com.qa.tutorialninja.tests.AccountPageTest"/>
  <testcase name="doSearchTest" time="1.915" classname="com.qa.tutorialninja.tests.AccountPageTest"/>
</testsuite> <!-- AccountPage Test -->
