<?xml version="1.0" encoding="UTF-8"?>
<!-- Generated by org.testng.reporters.JUnitXMLReporter -->
<testsuite hostname="ubuntu-Lenovo-C40-05" ignored="0" name="LoginPage Test" tests="4" failures="0" timestamp="2021-12-16T10:56:33 PST" time="13.982" errors="0">
  <testcase name="getLoginPageTitleTest" time="0.329" classname="com.qa.tutorialninja.tests.LoginPageTest"/>
  <testcase name="getHeaderValueTest" time="0.337" classname="com.qa.tutorialninja.tests.LoginPageTest"/>
  <testcase name="isForgotPasswordExistTest" time="0.376" classname="com.qa.tutorialninja.tests.LoginPageTest"/>
  <testcase name="doLoginTest" time="2.497" classname="com.qa.tutorialninja.tests.LoginPageTest"/>
</testsuite> <!-- LoginPage Test -->
