<?xml version="1.0" encoding="UTF-8"?>
<testng-results skipped="0" failed="1" ignored="4" total="5" passed="0">
  <reporter-output>
  </reporter-output>
  <suite name="Default suite" duration-ms="14378" started-at="2021-12-17T16:15:30 PST" finished-at="2021-12-17T16:15:44 PST">
    <groups>
    </groups>
    <test name="Default test" duration-ms="14378" started-at="2021-12-17T16:15:30 PST" finished-at="2021-12-17T16:15:44 PST">
      <class name="com.qa.tutorialninja.tests.CartPageTest">
        <test-method status="PASS" signature="setup()[pri:0, instance:com.qa.tutorialninja.tests.CartPageTest@43a0cee9]" name="setup" is-config="true" duration-ms="7080" started-at="2021-12-17T16:15:30 PST" finished-at="2021-12-17T16:15:37 PST">
          <reporter-output>
          </reporter-output>
        </test-method> <!-- setup -->
        <test-method status="PASS" signature="cartPageSetup()[pri:0, instance:com.qa.tutorialninja.tests.CartPageTest@43a0cee9]" name="cartPageSetup" is-config="true" duration-ms="5968" started-at="2021-12-17T16:15:37 PST" finished-at="2021-12-17T16:15:43 PST">
          <reporter-output>
          </reporter-output>
        </test-method> <!-- cartPageSetup -->
        <test-method status="FAIL" signature="cartPageTitleTest()[pri:1, instance:com.qa.tutorialninja.tests.CartPageTest@43a0cee9]" name="cartPageTitleTest" duration-ms="1188" started-at="2021-12-17T16:15:43 PST" finished-at="2021-12-17T16:15:44 PST">
          <exception class="java.lang.NullPointerException">
            <full-stacktrace>
              <![CDATA[java.lang.NullPointerException
at com.qa.tutorialsninja.pages.CartPage.<init>(CartPage.java:23)
at com.qa.tutorialsninja.pages.ProductInfoPage.viewCart(ProductInfoPage.java:80)
at com.qa.tutorialninja.tests.CartPageTest.cartPageTitleTest(CartPageTest.java:21)
at sun.reflect.NativeMethodAccessorImpl.invoke0(Native Method)
at sun.reflect.NativeMethodAccessorImpl.invoke(NativeMethodAccessorImpl.java:62)
at sun.reflect.DelegatingMethodAccessorImpl.invoke(DelegatingMethodAccessorImpl.java:43)
at java.lang.reflect.Method.invoke(Method.java:498)
at org.testng.internal.MethodInvocationHelper.invokeMethod(MethodInvocationHelper.java:133)
at org.testng.internal.TestInvoker.invokeMethod(TestInvoker.java:598)
at org.testng.internal.TestInvoker.invokeTestMethod(TestInvoker.java:173)
at org.testng.internal.MethodRunner.runInSequence(MethodRunner.java:46)
at org.testng.internal.TestInvoker$MethodInvocationAgent.invoke(TestInvoker.java:824)
at org.testng.internal.TestInvoker.invokeTestMethods(TestInvoker.java:146)
at org.testng.internal.TestMethodWorker.invokeTestMethods(TestMethodWorker.java:146)
at org.testng.internal.TestMethodWorker.run(TestMethodWorker.java:128)
at java.util.ArrayList.forEach(ArrayList.java:1259)
at org.testng.TestRunner.privateRun(TestRunner.java:794)
at org.testng.TestRunner.run(TestRunner.java:596)
at org.testng.SuiteRunner.runTest(SuiteRunner.java:377)
at org.testng.SuiteRunner.runSequentially(SuiteRunner.java:371)
at org.testng.SuiteRunner.privateRun(SuiteRunner.java:332)
at org.testng.SuiteRunner.run(SuiteRunner.java:276)
at org.testng.SuiteRunnerWorker.runSuite(SuiteRunnerWorker.java:53)
at org.testng.SuiteRunnerWorker.run(SuiteRunnerWorker.java:96)
at org.testng.TestNG.runSuitesSequentially(TestNG.java:1212)
at org.testng.TestNG.runSuitesLocally(TestNG.java:1134)
at org.testng.TestNG.runSuites(TestNG.java:1063)
at org.testng.TestNG.run(TestNG.java:1031)
at org.testng.remote.AbstractRemoteTestNG.run(AbstractRemoteTestNG.java:115)
at org.testng.remote.RemoteTestNG.initAndRun(RemoteTestNG.java:251)
at org.testng.remote.RemoteTestNG.main(RemoteTestNG.java:77)
]]>
            </full-stacktrace>
          </exception> <!-- java.lang.NullPointerException -->
          <reporter-output>
          </reporter-output>
        </test-method> <!-- cartPageTitleTest -->
        <test-method status="PASS" signature="tearDown()[pri:0, instance:com.qa.tutorialninja.tests.CartPageTest@43a0cee9]" name="tearDown" is-config="true" duration-ms="1" started-at="2021-12-17T16:15:44 PST" finished-at="2021-12-17T16:15:44 PST">
          <reporter-output>
          </reporter-output>
        </test-method> <!-- tearDown -->
      </class> <!-- com.qa.tutorialninja.tests.CartPageTest -->
    </test> <!-- Default test -->
  </suite> <!-- Default suite -->
</testng-results>
